Build started 23/06/2016 15:43:08.
     1>Project "C:\Users\tamir\Documents\Visual Studio 2013\Projects\trivia\Trivia\Trivia.vcxproj" on node 2 (Build target(s)).
     1>Link:
         C:\Program Files (x86)\Microsoft Visual Studio 12.0\VC\bin\link.exe /ERRORREPORT:PROMPT /OUT:"C:\Users\tamir\Documents\Visual Studio 2013\Projects\trivia\Debug\Trivia.exe" /INCREMENTAL /NOLOGO kernel32.lib user32.lib gdi32.lib winspool.lib comdlg32.lib advapi32.lib shell32.lib ole32.lib oleaut32.lib uuid.lib odbc32.lib odbccp32.lib /MANIFEST /MANIFESTUAC:"level='asInvoker' uiAccess='false'" /manifest:embed /DEBUG /PDB:"C:\Users\tamir\Documents\Visual Studio 2013\Projects\trivia\Debug\Trivia.pdb" /TLBID:1 /DYNAMICBASE /NXCOMPAT /IMPLIB:"C:\Users\tamir\Documents\Visual Studio 2013\Projects\trivia\Debug\Trivia.lib" /MACHINE:X86 Debug\DataBase.obj
         Debug\Game.obj
         Debug\Helper.obj
         Debug\Question.obj
         Debug\RecievedMessage.obj
         Debug\Room.obj
         Debug\socketAssist.obj
         Debug\Source.obj
         Debug\sqlite3.obj
         Debug\TriviaServer.obj
         Debug\User.obj
         Debug\Validator.obj
     1>TriviaServer.obj : error LNK2019: unresolved external symbol "public: static void __cdecl socketAssist::bindAndListen(void)" (?bindAndListen@socketAssist@@SAXXZ) referenced in function "private: void __thiscall TriviaServer::bindAndListen(void)" (?bindAndListen@TriviaServer@@AAEXXZ)
     1>TriviaServer.obj : error LNK2019: unresolved external symbol "public: static int __cdecl socketAssist::acceptClient(void)" (?acceptClient@socketAssist@@SAHXZ) referenced in function "private: void __thiscall TriviaServer::accept(void)" (?accept@TriviaServer@@AAEXXZ)
     1>TriviaServer.obj : error LNK2019: unresolved external symbol "public: static void __cdecl socketAssist::shutdown(void)" (?shutdown@socketAssist@@SAXXZ) referenced in function "public: __thiscall TriviaServer::~TriviaServer(void)" (??1TriviaServer@@QAE@XZ)
     1>C:\Users\tamir\Documents\Visual Studio 2013\Projects\trivia\Debug\Trivia.exe : fatal error LNK1120: 3 unresolved externals
     1>Done Building Project "C:\Users\tamir\Documents\Visual Studio 2013\Projects\trivia\Trivia\Trivia.vcxproj" (Build target(s)) -- FAILED.

Build FAILED.

Time Elapsed 00:00:00.33
